<?xml version="1.0" encoding="UTF-8"?>
<!-- Generated by org.testng.reporters.JUnitReportReporter -->
<testsuite skipped="0" hostname="ibm-saurabhkumar" name="com.w2a.testcases.LoginTest" tests="1" failures="0" timestamp="13 Feb 2023 16:25:55 GMT" time="6.037" errors="0">
  <testcase name="loginTest" time="6.037" classname="com.w2a.testcases.LoginTest"/>
</testsuite> <!-- com.w2a.testcases.LoginTest -->
