<?xml version="1.0" encoding="UTF-8"?>
<!-- Generated by org.testng.reporters.JUnitReportReporter -->
<testsuite skipped="0" hostname="ibm-saurabhkumar" name="com.w2a.testcases.LoginTest" tests="1" failures="0" timestamp="13 Feb 2023 19:10:48 GMT" time="7.094" errors="0">
  <testcase name="loginTest" time="7.094" classname="com.w2a.testcases.LoginTest"/>
</testsuite> <!-- com.w2a.testcases.LoginTest -->
